#
# There is insufficient memory for the Java Runtime Environment to continue.
# Native memory allocation (mmap) failed to map 335544320 bytes. Error detail: G1 virtual space
# Possible reasons:
#   The system is out of physical RAM or swap space
#   This process is running with CompressedOops enabled, and the Java Heap may be blocking the growth of the native heap
# Possible solutions:
#   Reduce memory load on the system
#   Increase physical memory or swap space
#   Check if swap backing store is full
#   Decrease Java heap size (-Xmx/-Xms)
#   Decrease number of Java threads
#   Decrease Java thread stack sizes (-Xss)
#   Set larger code cache with -XX:ReservedCodeCacheSize=
#   JVM is running with Zero Based Compressed Oops mode in which the Java heap is
#     placed in the first 32GB address space. The Java Heap base address is the
#     maximum limit for the native heap growth. Please use -XX:HeapBaseMinAddress
#     to set the Java Heap base and to place the Java Heap above 32GB virtual address.
# This output file may be truncated or incomplete.
#
#  Out of Memory Error (os_windows.cpp:3618), pid=27480, tid=21656
#
# JRE version:  (17.0.14+7) (build )
# Java VM: OpenJDK 64-Bit Server VM (17.0.14+7, mixed mode, emulated-client, sharing, tiered, compressed oops, compressed class ptrs, g1 gc, windows-amd64)
# No core dump will be written. Minidumps are not enabled by default on client versions of Windows
#

---------------  S U M M A R Y ------------

Command Line: -XX:TieredStopAtLevel=1 -Xverify:none -Dspring.output.ansi.enabled=always -Dcom.sun.management.jmxremote -Dspring.jmx.enabled=true -Dspring.liveBeansView.mbeanDomain -Dspring.application.admin.enabled=true -javaagent:D:\Program Files\JetBrains\IntelliJ IDEA 2022.1.2\lib\idea_rt.jar=59462:D:\Program Files\JetBrains\IntelliJ IDEA 2022.1.2\bin -Dfile.encoding=UTF-8 com.medical.notification.NotificationApplication

Host: Intel(R) Core(TM) i5-8265U CPU @ 1.60GHz, 8 cores, 19G,  Windows 11 , 64 bit Build 22621 (10.0.22621.5124)
Time: Thu Apr 17 17:39:53 2025  Windows 11 , 64 bit Build 22621 (10.0.22621.5124) elapsed time: 0.031468 seconds (0d 0h 0m 0s)

---------------  T H R E A D  ---------------

Current thread (0x00000250fee118d0):  JavaThread "Unknown thread" [_thread_in_vm, id=21656, stack(0x000000c368800000,0x000000c368900000)]

Stack: [0x000000c368800000,0x000000c368900000]
Native frames: (J=compiled Java code, j=interpreted, Vv=VM code, C=native code)
V  [jvm.dll+0x682eb9]
V  [jvm.dll+0x8399c8]
V  [jvm.dll+0x83b473]
V  [jvm.dll+0x83bae3]
V  [jvm.dll+0x24715f]
V  [jvm.dll+0x67fc99]
V  [jvm.dll+0x674b8a]
V  [jvm.dll+0x304c06]
V  [jvm.dll+0x30c0c6]
V  [jvm.dll+0x35dc3e]
V  [jvm.dll+0x35de7d]
V  [jvm.dll+0x2dbfcc]
V  [jvm.dll+0x2dcee4]
V  [jvm.dll+0x80b8db]
V  [jvm.dll+0x36b671]
V  [jvm.dll+0x7ea2cf]
V  [jvm.dll+0x3f226f]
V  [jvm.dll+0x3f3da1]
C  [jli.dll+0x5278]
C  [ucrtbase.dll+0x29333]
C  [KERNEL32.DLL+0x1259d]
C  [ntdll.dll+0x5af38]


---------------  P R O C E S S  ---------------

Threads class SMR info:
_java_thread_list=0x00007ff94f3b7f58, length=0, elements={
}

Java Threads: ( => current thread )

Other Threads:
  0x00000250fee87e70 GCTaskThread "GC Thread#0" [stack: 0x000000c368900000,0x000000c368a00000] [id=26784]
  0x00000250fee8ed00 ConcurrentGCThread "G1 Main Marker" [stack: 0x000000c368a00000,0x000000c368b00000] [id=35804]
  0x00000250fee8f720 ConcurrentGCThread "G1 Conc#0" [stack: 0x000000c368b00000,0x000000c368c00000] [id=15536]

[error occurred during error reporting (printing all threads), id 0xc0000005, EXCEPTION_ACCESS_VIOLATION (0xc0000005) at pc=0x00007ff94eb6caf7]

VM state: not at safepoint (not fully initialized)

VM Mutex/Monitor currently owned by a thread:  ([mutex/lock_event])
[0x00000250fee0ec80] Heap_lock - owner thread: 0x00000250fee118d0

Heap address: 0x00000006c2c00000, size: 5076 MB, Compressed Oops mode: Zero based, Oop shift amount: 3

CDS archive(s) mapped at: [0x0000000000000000-0x0000000000000000-0x0000000000000000), size 0, SharedBaseAddress: 0x0000000800000000, ArchiveRelocationMode: 1.
Narrow klass base: 0x0000000000000000, Narrow klass shift: 0, Narrow klass range: 0x0

GC Precious Log:
<Empty>

Heap:
 garbage-first heap   total 0K, used 0K [0x00000006c2c00000, 0x0000000800000000)
  region size 4096K, 0 young (0K), 0 survivors (0K)

[error occurred during error reporting (printing heap information), id 0xc0000005, EXCEPTION_ACCESS_VIOLATION (0xc0000005) at pc=0x00007ff94ef5c619]

GC Heap History (0 events):
No events

Dll operation events (1 events):
Event: 0.022 Loaded shared library D:\Program Files\Eclipse Adoptium\jdk-17.0.14.7-hotspot\bin\java.dll

Deoptimization events (0 events):
No events

Classes loaded (0 events):
No events

Classes unloaded (0 events):
No events

Classes redefined (0 events):
No events

Internal exceptions (0 events):
No events

VM Operations (0 events):
No events

Memory protections (0 events):
No events

Nmethod flushes (0 events):
No events

Events (0 events):
No events


Dynamic libraries:
0x00007ff70a5b0000 - 0x00007ff70a5be000 	D:\Program Files\Eclipse Adoptium\jdk-17.0.14.7-hotspot\bin\java.exe
0x00007ffa0e5f0000 - 0x00007ffa0e807000 	C:\WINDOWS\SYSTEM32\ntdll.dll
0x00007ffa0d0f0000 - 0x00007ffa0d1b4000 	C:\WINDOWS\System32\KERNEL32.DLL
0x00007ffa0b920000 - 0x00007ffa0bcf3000 	C:\WINDOWS\System32\KERNELBASE.dll
0x00007ffa0bf40000 - 0x00007ffa0c051000 	C:\WINDOWS\System32\ucrtbase.dll
0x00007ff9f5a90000 - 0x00007ff9f5aae000 	D:\Program Files\Eclipse Adoptium\jdk-17.0.14.7-hotspot\bin\VCRUNTIME140.dll
0x00007ff9d71a0000 - 0x00007ff9d71b7000 	D:\Program Files\Eclipse Adoptium\jdk-17.0.14.7-hotspot\bin\jli.dll
0x00007ffa0caf0000 - 0x00007ffa0cca1000 	C:\WINDOWS\System32\USER32.dll
0x00007ffa0b700000 - 0x00007ffa0b726000 	C:\WINDOWS\System32\win32u.dll
0x00007ffa0cd60000 - 0x00007ffa0cd89000 	C:\WINDOWS\System32\GDI32.dll
0x00007ff9f93b0000 - 0x00007ff9f9648000 	C:\WINDOWS\WinSxS\amd64_microsoft.windows.common-controls_6595b64144ccf1df_6.0.22621.5124_none_270e8f4f7386d69d\COMCTL32.dll
0x00007ffa0bd00000 - 0x00007ffa0be1b000 	C:\WINDOWS\System32\gdi32full.dll
0x00007ffa0ccb0000 - 0x00007ffa0cd57000 	C:\WINDOWS\System32\msvcrt.dll
0x00007ffa0bea0000 - 0x00007ffa0bf3a000 	C:\WINDOWS\System32\msvcp_win.dll
0x00007ffa0d430000 - 0x00007ffa0d461000 	C:\WINDOWS\System32\IMM32.DLL
0x00007ff9f4180000 - 0x00007ff9f418c000 	D:\Program Files\Eclipse Adoptium\jdk-17.0.14.7-hotspot\bin\vcruntime140_1.dll
0x00007ff9ef390000 - 0x00007ff9ef41d000 	D:\Program Files\Eclipse Adoptium\jdk-17.0.14.7-hotspot\bin\msvcp140.dll
0x00007ff94e880000 - 0x00007ff94f4eb000 	D:\Program Files\Eclipse Adoptium\jdk-17.0.14.7-hotspot\bin\server\jvm.dll
0x00007ffa0c820000 - 0x00007ffa0c8d1000 	C:\WINDOWS\System32\ADVAPI32.dll
0x00007ffa0c8f0000 - 0x00007ffa0c998000 	C:\WINDOWS\System32\sechost.dll
0x00007ffa0b8f0000 - 0x00007ffa0b918000 	C:\WINDOWS\System32\bcrypt.dll
0x00007ffa0d250000 - 0x00007ffa0d364000 	C:\WINDOWS\System32\RPCRT4.dll
0x00007ffa0d3b0000 - 0x00007ffa0d421000 	C:\WINDOWS\System32\WS2_32.dll
0x00007ffa0af30000 - 0x00007ffa0af7d000 	C:\WINDOWS\SYSTEM32\POWRPROF.dll
0x00007ffa04cb0000 - 0x00007ffa04cba000 	C:\WINDOWS\SYSTEM32\VERSION.dll
0x00007ffa04780000 - 0x00007ffa047b4000 	C:\WINDOWS\SYSTEM32\WINMM.dll
0x00007ffa0af10000 - 0x00007ffa0af23000 	C:\WINDOWS\SYSTEM32\UMPDC.dll
0x00007ffa0a6f0000 - 0x00007ffa0a708000 	C:\WINDOWS\SYSTEM32\kernel.appcore.dll
0x00007ffa03070000 - 0x00007ffa0307a000 	D:\Program Files\Eclipse Adoptium\jdk-17.0.14.7-hotspot\bin\jimage.dll
0x00007ffa08e50000 - 0x00007ffa09082000 	C:\WINDOWS\SYSTEM32\DBGHELP.DLL
0x00007ffa0d470000 - 0x00007ffa0d802000 	C:\WINDOWS\System32\combase.dll
0x00007ffa0d810000 - 0x00007ffa0d8e7000 	C:\WINDOWS\System32\OLEAUT32.dll
0x00007ff9ef350000 - 0x00007ff9ef382000 	C:\WINDOWS\SYSTEM32\dbgcore.DLL
0x00007ffa0b870000 - 0x00007ffa0b8eb000 	C:\WINDOWS\System32\bcryptPrimitives.dll
0x00007ff9ce5d0000 - 0x00007ff9ce5de000 	D:\Program Files\Eclipse Adoptium\jdk-17.0.14.7-hotspot\bin\instrument.dll
0x00007ff9cbc10000 - 0x00007ff9cbc35000 	D:\Program Files\Eclipse Adoptium\jdk-17.0.14.7-hotspot\bin\java.dll

dbghelp: loaded successfully - version: 4.0.5 - missing functions: none
symbol engine: initialized successfully - sym options: 0x614 - pdb path: .;D:\Program Files\Eclipse Adoptium\jdk-17.0.14.7-hotspot\bin;C:\WINDOWS\SYSTEM32;C:\WINDOWS\WinSxS\amd64_microsoft.windows.common-controls_6595b64144ccf1df_6.0.22621.5124_none_270e8f4f7386d69d;D:\Program Files\Eclipse Adoptium\jdk-17.0.14.7-hotspot\bin\server

VM Arguments:
jvm_args: -XX:TieredStopAtLevel=1 -Xverify:none -Dspring.output.ansi.enabled=always -Dcom.sun.management.jmxremote -Dspring.jmx.enabled=true -Dspring.liveBeansView.mbeanDomain -Dspring.application.admin.enabled=true -javaagent:D:\Program Files\JetBrains\IntelliJ IDEA 2022.1.2\lib\idea_rt.jar=59462:D:\Program Files\JetBrains\IntelliJ IDEA 2022.1.2\bin -Dfile.encoding=UTF-8 
java_command: com.medical.notification.NotificationApplication
java_class_path (initial): D:\capstone\medical-platform\medical-notification\target\classes;D:\dev\apache-maven-3.6.1\mvn_repo\org\springframework\boot\spring-boot-starter-web\3.0.2\spring-boot-starter-web-3.0.2.jar;D:\dev\apache-maven-3.6.1\mvn_repo\org\springframework\boot\spring-boot-starter\3.0.2\spring-boot-starter-3.0.2.jar;D:\dev\apache-maven-3.6.1\mvn_repo\org\springframework\boot\spring-boot\3.0.2\spring-boot-3.0.2.jar;D:\dev\apache-maven-3.6.1\mvn_repo\org\springframework\boot\spring-boot-starter-logging\3.0.2\spring-boot-starter-logging-3.0.2.jar;D:\dev\apache-maven-3.6.1\mvn_repo\ch\qos\logback\logback-classic\1.4.5\logback-classic-1.4.5.jar;D:\dev\apache-maven-3.6.1\mvn_repo\ch\qos\logback\logback-core\1.4.5\logback-core-1.4.5.jar;D:\dev\apache-maven-3.6.1\mvn_repo\org\apache\logging\log4j\log4j-to-slf4j\2.19.0\log4j-to-slf4j-2.19.0.jar;D:\dev\apache-maven-3.6.1\mvn_repo\org\apache\logging\log4j\log4j-api\2.19.0\log4j-api-2.19.0.jar;D:\dev\apache-maven-3.6.1\mvn_repo\org\slf4j\jul-to-slf4j\2.0.6\jul-to-slf4j-2.0.6.jar;D:\dev\apache-maven-3.6.1\mvn_repo\jakarta\annotation\jakarta.annotation-api\2.1.1\jakarta.annotation-api-2.1.1.jar;D:\dev\apache-maven-3.6.1\mvn_repo\org\springframework\spring-core\6.0.4\spring-core-6.0.4.jar;D:\dev\apache-maven-3.6.1\mvn_repo\org\springframework\spring-jcl\6.0.4\spring-jcl-6.0.4.jar;D:\dev\apache-maven-3.6.1\mvn_repo\org\yaml\snakeyaml\1.33\snakeyaml-1.33.jar;D:\dev\apache-maven-3.6.1\mvn_repo\org\springframework\boot\spring-boot-starter-json\3.0.2\spring-boot-starter-json-3.0.2.jar;D:\dev\apache-maven-3.6.1\mvn_repo\com\fasterxml\jackson\core\jackson-databind\2.14.1\jackson-databind-2.14.1.jar;D:\dev\apache-maven-3.6.1\mvn_repo\com\fasterxml\jackson\datatype\jackson-datatype-jdk8\2.14.1\jackson-datatype-jdk8-2.14.1.jar;D:\dev\apache-maven-3.6.1\mvn_repo\com\fasterxml\jackson\datatype\jackson-datatype-jsr310\2.14.1\jackson-datatype-jsr310-2.14.1.jar;D:\dev\apache-maven-3.6.1\mvn_repo\com\fasterxml\jackson\module\jacks
Launcher Type: SUN_STANDARD

[Global flags]
     intx CICompilerCount                          = 4                                         {product} {ergonomic}
     uint ConcGCThreads                            = 2                                         {product} {ergonomic}
     uint G1ConcRefinementThreads                  = 8                                         {product} {ergonomic}
   size_t G1HeapRegionSize                         = 4194304                                   {product} {ergonomic}
    uintx GCDrainStackTargetSize                   = 64                                        {product} {ergonomic}
   size_t InitialHeapSize                          = 335544320                                 {product} {ergonomic}
     bool ManagementServer                         = true                                      {product} {command line}
   size_t MarkStackSize                            = 4194304                                   {product} {ergonomic}
   size_t MaxHeapSize                              = 5322571776                                {product} {ergonomic}
   size_t MinHeapDeltaBytes                        = 4194304                                   {product} {ergonomic}
   size_t MinHeapSize                              = 8388608                                   {product} {ergonomic}
    uintx NonProfiledCodeHeapSize                  = 0                                      {pd product} {ergonomic}
     bool ProfileInterpreter                       = false                                  {pd product} {command line}
    uintx ProfiledCodeHeapSize                     = 0                                      {pd product} {ergonomic}
   size_t SoftMaxHeapSize                          = 5322571776                             {manageable} {ergonomic}
     intx TieredStopAtLevel                        = 1                                         {product} {command line}
     bool UseCompressedClassPointers               = true                           {product lp64_product} {ergonomic}
     bool UseCompressedOops                        = true                           {product lp64_product} {ergonomic}
     bool UseG1GC                                  = true                                      {product} {ergonomic}
     bool UseLargePagesIndividualAllocation        = false                                  {pd product} {ergonomic}

Logging:
Log output configuration:
 #0: stdout all=warning uptime,level,tags
 #1: stderr all=off uptime,level,tags

Environment Variables:
JAVA_HOME=D:\dev\jdk1.8.0_191
PATH=D:\Program Files\Eclipse Adoptium\jdk-17.0.14.7-hotspot\bin;d:\ProgramData\Anaconda3;d:\ProgramData\Anaconda3\Library\mingw-w64\bin;d:\ProgramData\Anaconda3\Library\usr\bin;d:\ProgramData\Anaconda3\Library\bin;d:\ProgramData\Anaconda3\Scripts;C:\Windows\system32;C:\Windows;C:\Windows\System32\Wbem;C:\Windows\System32\WindowsPowerShell\v1.0\;C:\Windows\System32\OpenSSH\;C:\Program Files (x86)\NVIDIA Corporation\PhysX\Common;C:\Program Files\NVIDIA Corporation\NVIDIA NvDLISR;C:\Program Files\Microsoft\Web Platform Installer\;C:\Program Files (x86)\Microsoft ASP.NET\ASP.NET Web Pages\v1.0\;C:\Program Files\dotnet\;C:\WINDOWS\system32;C:\WINDOWS;C:\WINDOWS\System32\Wbem;C:\WINDOWS\System32\WindowsPowerShell\v1.0\;C:\WINDOWS\System32\OpenSSH\;D:\Program Files\Java\jdk-14.0.2\bin;C:\mingw64\bin;C:\Program Files\Git\cmd;D:\Program Files\Tomcat\apache-tomcat-9.0.54\bin;D:\dev\mysql-8.0.31-winx64\bin;D:\dev\apache-maven-3.6.1\bin;D:\IDE\Node\;D:\dev\jdk1.8.0_191\bin;D:\dev\mysql-8.0.31-winx64;C:\Program Files (x86)\Pulse Secure\VC142.CRT\X64\;C:\Program Files (x86)\Pulse Secure\VC142.CRT\X86\;C:\Program Files (x86)\Common Files\Pulse Secure\TNC Client Plugin\;C:\Program Files\Docker\Docker\resources\bin;D:\dev\python\python3.10.4\Scripts\;D:\dev\python\python3.10.4\;D:\Users\1\AppData\Local\Programs\Python\Python38-32\Scripts\;D:\Users\1\AppData\Local\Programs\Python\Python38-32\;C:\Users\1\AppData\Local\Microsoft\WindowsApps;C:\Program Files\Bandizip\;D:\Program Files\JetBrains\PyCharm Community Edition 2021.1.1\bin;;D:\texlive\2023\bin\windows;D:\Program Files\JetBrains\IntelliJ IDEA 2022.1.2\bin;C:\Users\1\AppData\Local\GitHubDesktop\bin;D:\Users\1\AppData\Local\Programs\Microsoft VS Code\bin;C:\Users\1\AppData\Roaming\npm;D:\Program Files\cpolar\;D:\Program Files\JetBrains\DataGrip 2024.1.4\bin;;C:\WINDOWS\System32\Wbem;D:\Users\1\AppData\Local\Programs\cursor\resources\app\bin
USERNAME=1
OS=Windows_NT
PROCESSOR_IDENTIFIER=Intel64 Family 6 Model 142 Stepping 12, GenuineIntel
TMP=C:\Users\1\AppData\Local\Temp
TEMP=C:\Users\1\AppData\Local\Temp



Periodic native trim disabled


---------------  S Y S T E M  ---------------

OS:
 Windows 11 , 64 bit Build 22621 (10.0.22621.5124)
OS uptime: 3 days 7:58 hours
Hyper-V role detected

CPU: total 8 (initial active 8) (4 cores per cpu, 2 threads per core) family 6 model 142 stepping 12 microcode 0xde, cx8, cmov, fxsr, ht, mmx, 3dnowpref, sse, sse2, sse3, ssse3, sse4.1, sse4.2, popcnt, lzcnt, tsc, tscinvbit, avx, avx2, aes, erms, clmul, bmi1, bmi2, adx, fma, vzeroupper, clflush, clflushopt, hv
Processor Information for all 8 processors :
  Max Mhz: 1800, Current Mhz: 1600, Mhz Limit: 1584

Memory: 4k page, system-wide physical 20293M (2457M free)
TotalPageFile size 33080M (AvailPageFile size 93M)
current process WorkingSet (physical memory assigned to process): 11M, peak: 11M
current process commit charge ("private bytes"): 55M, peak: 375M

vm_info: OpenJDK 64-Bit Server VM (17.0.14+7) for windows-amd64 JRE (17.0.14+7), built on Jan 21 2025 23:40:15 by "admin" with MS VC++ 17.7 (VS2022)

END.
