#
# There is insufficient memory for the Java Runtime Environment to continue.
# Native memory allocation (mmap) failed to map 134217728 bytes. Error detail: G1 virtual space
# Possible reasons:
#   The system is out of physical RAM or swap space
#   This process is running with CompressedOops enabled, and the Java Heap may be blocking the growth of the native heap
# Possible solutions:
#   Reduce memory load on the system
#   Increase physical memory or swap space
#   Check if swap backing store is full
#   Decrease Java heap size (-Xmx/-Xms)
#   Decrease number of Java threads
#   Decrease Java thread stack sizes (-Xss)
#   Set larger code cache with -XX:ReservedCodeCacheSize=
#   JVM is running with Zero Based Compressed Oops mode in which the Java heap is
#     placed in the first 32GB address space. The Java Heap base address is the
#     maximum limit for the native heap growth. Please use -XX:HeapBaseMinAddress
#     to set the Java Heap base and to place the Java Heap above 32GB virtual address.
# This output file may be truncated or incomplete.
#
#  Out of Memory Error (os_windows.cpp:3618), pid=29392, tid=7224
#
# JRE version: OpenJDK Runtime Environment Temurin-17.0.14+7 (17.0.14+7) (build 17.0.14+7)
# Java VM: OpenJDK 64-Bit Server VM Temurin-17.0.14+7 (17.0.14+7, mixed mode, emulated-client, sharing, tiered, compressed oops, compressed class ptrs, g1 gc, windows-amd64)
# No core dump will be written. Minidumps are not enabled by default on client versions of Windows
#

---------------  S U M M A R Y ------------

Command Line: -XX:TieredStopAtLevel=1 -Xverify:none -Dspring.output.ansi.enabled=always -Dcom.sun.management.jmxremote -Dspring.jmx.enabled=true -Dspring.liveBeansView.mbeanDomain -Dspring.application.admin.enabled=true -javaagent:D:\Program Files\JetBrains\IntelliJ IDEA 2022.1.2\lib\idea_rt.jar=57115:D:\Program Files\JetBrains\IntelliJ IDEA 2022.1.2\bin -Dfile.encoding=UTF-8 com.medical.eureka.EurekaServerApplication

Host: Intel(R) Core(TM) i5-8265U CPU @ 1.60GHz, 8 cores, 19G,  Windows 11 , 64 bit Build 22621 (10.0.22621.5124)
Time: Thu Apr 17 20:31:08 2025  Windows 11 , 64 bit Build 22621 (10.0.22621.5124) elapsed time: 7.051387 seconds (0d 0h 0m 7s)

---------------  T H R E A D  ---------------

Current thread (0x000001876fa3cb40):  VMThread "VM Thread" [stack: 0x0000005152a00000,0x0000005152b00000] [id=7224]

Stack: [0x0000005152a00000,0x0000005152b00000]
Native frames: (J=compiled Java code, j=interpreted, Vv=VM code, C=native code)
V  [jvm.dll+0x682eb9]
V  [jvm.dll+0x8399c8]
V  [jvm.dll+0x83b473]
V  [jvm.dll+0x83bae3]
V  [jvm.dll+0x24715f]
V  [jvm.dll+0x67fc99]
V  [jvm.dll+0x674b8a]
V  [jvm.dll+0x304c06]
V  [jvm.dll+0x30c0c6]
V  [jvm.dll+0x35dc3e]
V  [jvm.dll+0x35de7d]
V  [jvm.dll+0x2dbfcc]
V  [jvm.dll+0x2da36f]
V  [jvm.dll+0x2d9adc]
V  [jvm.dll+0x31d2bb]
V  [jvm.dll+0x84031d]
V  [jvm.dll+0x841053]
V  [jvm.dll+0x84157f]
V  [jvm.dll+0x841964]
V  [jvm.dll+0x841a2e]
V  [jvm.dll+0x7e948c]
V  [jvm.dll+0x681d97]
C  [ucrtbase.dll+0x29333]
C  [KERNEL32.DLL+0x1259d]
C  [ntdll.dll+0x5af38]

VM_Operation (0x00000051524f89c0): G1CollectForAllocation, mode: safepoint, requested by thread 0x0000018754a474c0


---------------  P R O C E S S  ---------------

Threads class SMR info:
_java_thread_list=0x00000187757ba0e0, length=19, elements={
0x0000018754a474c0, 0x000001876fa415e0, 0x000001876fa42460, 0x000001876fa5d4b0,
0x000001876fa60450, 0x000001876fa61e20, 0x000001876fa627e0, 0x000001876fa666a0,
0x000001876fa6f0b0, 0x000001876fa2c2b0, 0x00000187740d6300, 0x00000187743fe960,
0x00000187743fa7e0, 0x000001877478c6d0, 0x0000018774aec4e0, 0x0000018774b05c70,
0x000001877527e020, 0x000001877527e540, 0x00000187757e7140
}

Java Threads: ( => current thread )
  0x0000018754a474c0 JavaThread "main" [_thread_blocked, id=16756, stack(0x0000005152400000,0x0000005152500000)]
  0x000001876fa415e0 JavaThread "Reference Handler" daemon [_thread_blocked, id=22256, stack(0x0000005152b00000,0x0000005152c00000)]
  0x000001876fa42460 JavaThread "Finalizer" daemon [_thread_blocked, id=24156, stack(0x0000005152c00000,0x0000005152d00000)]
  0x000001876fa5d4b0 JavaThread "Signal Dispatcher" daemon [_thread_blocked, id=20288, stack(0x0000005152d00000,0x0000005152e00000)]
  0x000001876fa60450 JavaThread "Attach Listener" daemon [_thread_blocked, id=35612, stack(0x0000005152e00000,0x0000005152f00000)]
  0x000001876fa61e20 JavaThread "Service Thread" daemon [_thread_blocked, id=4200, stack(0x0000005152f00000,0x0000005153000000)]
  0x000001876fa627e0 JavaThread "Monitor Deflation Thread" daemon [_thread_blocked, id=36364, stack(0x0000005153000000,0x0000005153100000)]
  0x000001876fa666a0 JavaThread "C1 CompilerThread0" daemon [_thread_blocked, id=20140, stack(0x0000005153100000,0x0000005153200000)]
  0x000001876fa6f0b0 JavaThread "Sweeper thread" daemon [_thread_blocked, id=19500, stack(0x0000005153200000,0x0000005153300000)]
  0x000001876fa2c2b0 JavaThread "Common-Cleaner" daemon [_thread_blocked, id=8248, stack(0x0000005153300000,0x0000005153400000)]
  0x00000187740d6300 JavaThread "C1 CompilerThread1" daemon [_thread_blocked, id=3860, stack(0x0000005153400000,0x0000005153500000)]
  0x00000187743fe960 JavaThread "Monitor Ctrl-Break" daemon [_thread_in_native, id=14820, stack(0x0000005153500000,0x0000005153600000)]
  0x00000187743fa7e0 JavaThread "Notification Thread" daemon [_thread_blocked, id=31584, stack(0x0000005153600000,0x0000005153700000)]
  0x000001877478c6d0 JavaThread "RMI TCP Accept-0" daemon [_thread_in_native, id=38304, stack(0x0000005153700000,0x0000005153800000)]
  0x0000018774aec4e0 JavaThread "RMI TCP Connection(2)-169.254.74.194" daemon [_thread_in_native, id=34020, stack(0x0000005154200000,0x0000005154300000)]
  0x0000018774b05c70 JavaThread "RMI Scheduler(0)" daemon [_thread_blocked, id=22936, stack(0x0000005154300000,0x0000005154400000)]
  0x000001877527e020 JavaThread "C1 CompilerThread2" daemon [_thread_blocked, id=34524, stack(0x0000005154500000,0x0000005154600000)]
  0x000001877527e540 JavaThread "C1 CompilerThread3" daemon [_thread_blocked, id=24228, stack(0x0000005154600000,0x0000005154700000)]
  0x00000187757e7140 JavaThread "RMI TCP Connection(3)-169.254.74.194" daemon [_thread_in_native, id=4680, stack(0x0000005154700000,0x0000005154800000)]

Other Threads:
=>0x000001876fa3cb40 VMThread "VM Thread" [stack: 0x0000005152a00000,0x0000005152b00000] [id=7224]
  0x00000187747747a0 WatcherThread [stack: 0x0000005153800000,0x0000005153900000] [id=11400]
  0x0000018754abdb10 GCTaskThread "GC Thread#0" [stack: 0x0000005152500000,0x0000005152600000] [id=36760]
  0x0000018774ac4430 GCTaskThread "GC Thread#1" [stack: 0x0000005153900000,0x0000005153a00000] [id=30900]
  0x0000018774af5870 GCTaskThread "GC Thread#2" [stack: 0x0000005153a00000,0x0000005153b00000] [id=17544]
  0x0000018774af5b30 GCTaskThread "GC Thread#3" [stack: 0x0000005153b00000,0x0000005153c00000] [id=38204]
  0x0000018774aabf90 GCTaskThread "GC Thread#4" [stack: 0x0000005153c00000,0x0000005153d00000] [id=13736]
  0x0000018774aac250 GCTaskThread "GC Thread#5" [stack: 0x0000005153d00000,0x0000005153e00000] [id=7880]
  0x0000018774a94210 GCTaskThread "GC Thread#6" [stack: 0x0000005153e00000,0x0000005153f00000] [id=33580]
  0x0000018774af0ea0 GCTaskThread "GC Thread#7" [stack: 0x0000005153f00000,0x0000005154000000] [id=36984]
  0x0000018754ac9900 ConcurrentGCThread "G1 Main Marker" [stack: 0x0000005152600000,0x0000005152700000] [id=23452]
  0x0000018754acaac0 ConcurrentGCThread "G1 Conc#0" [stack: 0x0000005152700000,0x0000005152800000] [id=37040]
  0x00000187757892c0 ConcurrentGCThread "G1 Conc#1" [stack: 0x0000005154400000,0x0000005154500000] [id=5404]
  0x000001876f8faef0 ConcurrentGCThread "G1 Refine#0" [stack: 0x0000005152800000,0x0000005152900000] [id=9536]
  0x0000018774b18c70 ConcurrentGCThread "G1 Refine#1" [stack: 0x0000005154000000,0x0000005154100000] [id=15012]
  0x0000018774aedea0 ConcurrentGCThread "G1 Refine#2" [stack: 0x0000005154100000,0x0000005154200000] [id=26060]
  0x000001876f8fb920 ConcurrentGCThread "G1 Service" [stack: 0x0000005152900000,0x0000005152a00000] [id=8012]

Threads with active compile tasks:

VM state: at safepoint (normal execution)

VM Mutex/Monitor currently owned by a thread:  ([mutex/lock_event])
[0x0000018754a44bd0] Threads_lock - owner thread: 0x000001876fa3cb40
[0x0000018754a441b0] Heap_lock - owner thread: 0x0000018754a474c0

Heap address: 0x00000006c2c00000, size: 5076 MB, Compressed Oops mode: Zero based, Oop shift amount: 3

CDS archive(s) mapped at: [0x0000018700000000-0x0000018700bb0000-0x0000018700bb0000), size 12255232, SharedBaseAddress: 0x0000018700000000, ArchiveRelocationMode: 1.
Compressed class space mapped at: 0x0000018701000000-0x0000018741000000, reserved size: 1073741824
Narrow klass base: 0x0000018700000000, Narrow klass shift: 0, Narrow klass range: 0x100000000

GC Precious Log:
 CPUs: 8 total, 8 available
 Memory: 20293M
 Large Page Support: Disabled
 NUMA Support: Disabled
 Compressed Oops: Enabled (Zero based)
 Heap Region Size: 4M
 Heap Min Capacity: 8M
 Heap Initial Capacity: 320M
 Heap Max Capacity: 5076M
 Pre-touch: Disabled
 Parallel Workers: 8
 Concurrent Workers: 2
 Concurrent Refinement Workers: 8
 Periodic GC: Disabled

Heap:
 garbage-first heap   total 69632K, used 24323K [0x00000006c2c00000, 0x0000000800000000)
  region size 4096K, 1 young (4096K), 1 survivors (4096K)
 Metaspace       used 32594K, committed 33024K, reserved 1114112K
  class space    used 4546K, committed 4736K, reserved 1048576K

Heap Regions: E=young(eden), S=young(survivor), O=old, HS=humongous(starts), HC=humongous(continues), CS=collection set, F=free, OA=open archive, CA=closed archive, TAMS=top-at-mark-start (previous, next)
|   0|0x00000006c2c00000, 0x00000006c3000000, 0x00000006c3000000|100%| O|  |TAMS 0x00000006c3000000, 0x00000006c2c00000| Untracked 
|   1|0x00000006c3000000, 0x00000006c33c0e00, 0x00000006c3400000| 93%| O|  |TAMS 0x00000006c33c0e00, 0x00000006c3000000| Untracked 
|   2|0x00000006c3400000, 0x00000006c3800000, 0x00000006c3800000|100%| O|  |TAMS 0x00000006c3400000, 0x00000006c3400000| Untracked 
|   3|0x00000006c3800000, 0x00000006c3c00000, 0x00000006c3c00000|100%| O|  |TAMS 0x00000006c3800000, 0x00000006c3800000| Untracked 
|   4|0x00000006c3c00000, 0x00000006c3c00000, 0x00000006c4000000|  0%| F|  |TAMS 0x00000006c3c00000, 0x00000006c3c00000| Untracked 
|   5|0x00000006c4000000, 0x00000006c4000000, 0x00000006c4400000|  0%| F|  |TAMS 0x00000006c4000000, 0x00000006c4000000| Untracked 
|   6|0x00000006c4400000, 0x00000006c4800000, 0x00000006c4800000|100%| O|  |TAMS 0x00000006c4400000, 0x00000006c4400000| Untracked 
|   7|0x00000006c4800000, 0x00000006c4800000, 0x00000006c4c00000|  0%| F|  |TAMS 0x00000006c4800000, 0x00000006c4800000| Untracked 
|   8|0x00000006c4c00000, 0x00000006c4c00000, 0x00000006c5000000|  0%| F|  |TAMS 0x00000006c4c00000, 0x00000006c4c00000| Untracked 
|   9|0x00000006c5000000, 0x00000006c5000000, 0x00000006c5400000|  0%| F|  |TAMS 0x00000006c5000000, 0x00000006c5000000| Untracked 
|  10|0x00000006c5400000, 0x00000006c5800000, 0x00000006c5800000|100%| S|CS|TAMS 0x00000006c5400000, 0x00000006c5400000| Complete 
|  11|0x00000006c5800000, 0x00000006c5800000, 0x00000006c5c00000|  0%| F|  |TAMS 0x00000006c5800000, 0x00000006c5800000| Untracked 
|  12|0x00000006c5c00000, 0x00000006c5c00000, 0x00000006c6000000|  0%| F|  |TAMS 0x00000006c5c00000, 0x00000006c5c00000| Untracked 
|  13|0x00000006c6000000, 0x00000006c6000000, 0x00000006c6400000|  0%| F|  |TAMS 0x00000006c6000000, 0x00000006c6000000| Untracked 
|  61|0x00000006d2000000, 0x00000006d2000000, 0x00000006d2400000|  0%| F|  |TAMS 0x00000006d2000000, 0x00000006d2000000| Untracked 
|  62|0x00000006d2400000, 0x00000006d2400000, 0x00000006d2800000|  0%| F|  |TAMS 0x00000006d2400000, 0x00000006d2400000| Untracked 
|  79|0x00000006d6800000, 0x00000006d6800000, 0x00000006d6c00000|  0%| F|  |TAMS 0x00000006d6800000, 0x00000006d6800000| Untracked 

Card table byte_map: [0x0000018762050000,0x0000018762a40000] _byte_map_base: 0x000001875ea3a000

Marking Bits (Prev, Next): (CMBitMap*) 0x0000018754abe170, (CMBitMap*) 0x0000018754abe130
 Prev Bits: [0x0000018768380000, 0x000001876d2d0000)
 Next Bits: [0x0000018763430000, 0x0000018768380000)

Polling page: 0x0000018754ae0000

Metaspace:

Usage:
  Non-class:     27.39 MB used.
      Class:      4.44 MB used.
       Both:     31.83 MB used.

Virtual space:
  Non-class space:       64.00 MB reserved,      27.62 MB ( 43%) committed,  1 nodes.
      Class space:        1.00 GB reserved,       4.62 MB ( <1%) committed,  1 nodes.
             Both:        1.06 GB reserved,      32.25 MB (  3%) committed. 

Chunk freelists:
   Non-Class:  4.14 MB
       Class:  11.33 MB
        Both:  15.47 MB

MaxMetaspaceSize: unlimited
CompressedClassSpaceSize: 1.00 GB
Initial GC threshold: 21.00 MB
Current GC threshold: 35.25 MB
CDS: on
MetaspaceReclaimPolicy: balanced
 - commit_granule_bytes: 65536.
 - commit_granule_words: 8192.
 - virtual_space_node_default_size: 8388608.
 - enlarge_chunks_in_place: 1.
 - new_chunks_are_fully_committed: 0.
 - uncommit_free_chunks: 1.
 - use_allocation_guard: 0.
 - handle_deallocations: 1.


Internal statistics:

num_allocs_failed_limit: 3.
num_arena_births: 646.
num_arena_deaths: 0.
num_vsnodes_births: 2.
num_vsnodes_deaths: 0.
num_space_committed: 516.
num_space_uncommitted: 0.
num_chunks_returned_to_freelist: 3.
num_chunks_taken_from_freelist: 1899.
num_chunk_merges: 0.
num_chunk_splits: 1259.
num_chunks_enlarged: 879.
num_inconsistent_stats: 0.

CodeCache: size=49152Kb used=10494Kb max_used=10494Kb free=38657Kb
 bounds [0x000001875dd70000, 0x000001875e7b0000, 0x0000018760d70000]
 total_blobs=5321 nmethods=4763 adapters=481
 compilation: enabled
              stopped_count=0, restarted_count=0
 full_count=0

Compilation events (20 events):
Event: 6.999 Thread 0x000001876fa666a0 4756       1       sun.util.calendar.ZoneInfo::<init> (65 bytes)
Event: 6.999 Thread 0x000001877527e540 4757       1       java.util.TimeZone::<init> (5 bytes)
Event: 7.000 Thread 0x000001877527e540 nmethod 4757 0x000001875e7aaa90 code [0x000001875e7aac20, 0x000001875e7aacd8]
Event: 7.000 Thread 0x000001876fa666a0 nmethod 4756 0x000001875e7aad90 code [0x000001875e7aaf40, 0x000001875e7ab2a8]
Event: 7.000 Thread 0x000001877527e540 4758       1       sun.util.cldr.CLDRTimeZoneNameProviderImpl::deriveFallbackNames (42 bytes)
Event: 7.000 Thread 0x00000187740d6300 4759   !   1       java.time.ZoneRegion::ofId (39 bytes)
Event: 7.001 Thread 0x000001877527e540 nmethod 4758 0x000001875e7ab390 code [0x000001875e7ab580, 0x000001875e7ab908]
Event: 7.001 Thread 0x000001876fa666a0 4760       1       java.time.zone.ZoneRulesProvider::getRules (17 bytes)
Event: 7.001 Thread 0x000001877527e020 4761       1       java.time.zone.ZoneRulesProvider::getProvider (67 bytes)
Event: 7.001 Thread 0x000001877527e540 4762   !   1       java.time.zone.TzdbZoneRulesProvider::provideRules (139 bytes)
Event: 7.001 Thread 0x000001876fa666a0 nmethod 4760 0x000001875e7abb90 code [0x000001875e7abd40, 0x000001875e7abee8]
Event: 7.001 Thread 0x000001876fa666a0 4763       1       java.time.LocalTime::getNano (5 bytes)
Event: 7.001 Thread 0x000001876fa666a0 nmethod 4763 0x000001875e7ac010 code [0x000001875e7ac1a0, 0x000001875e7ac278]
Event: 7.001 Thread 0x00000187740d6300 nmethod 4759 0x000001875e7ac310 code [0x000001875e7ac500, 0x000001875e7ac938]
Event: 7.002 Thread 0x000001877527e020 nmethod 4761 0x000001875e7acc10 code [0x000001875e7ace20, 0x000001875e7ad2c8]
Event: 7.003 Thread 0x000001877527e540 nmethod 4762 0x000001875e7ad510 code [0x000001875e7ad800, 0x000001875e7ae5c8]
Event: 7.004 Thread 0x000001877527e540 4764       1       sun.util.calendar.ZoneInfoFile::getYear (233 bytes)
Event: 7.004 Thread 0x000001877527e540 nmethod 4764 0x000001875e7aed10 code [0x000001875e7aeec0, 0x000001875e7af3f8]
Event: 7.005 Thread 0x000001876fa666a0 4765       1       java.time.zone.Ser::readInternal (53 bytes)
Event: 7.005 Thread 0x000001876fa666a0 nmethod 4765 0x000001875e7af610 code [0x000001875e7af7e0, 0x000001875e7af9b8]

GC Heap History (15 events):
Event: 1.244 GC heap before
{Heap before GC invocations=0 (full 0):
 garbage-first heap   total 327680K, used 20480K [0x00000006c2c00000, 0x0000000800000000)
  region size 4096K, 5 young (20480K), 0 survivors (0K)
 Metaspace       used 6082K, committed 6208K, reserved 1114112K
  class space    used 726K, committed 768K, reserved 1048576K
}
Event: 1.250 GC heap after
{Heap after GC invocations=1 (full 0):
 garbage-first heap   total 327680K, used 7756K [0x00000006c2c00000, 0x0000000800000000)
  region size 4096K, 1 young (4096K), 1 survivors (4096K)
 Metaspace       used 6082K, committed 6208K, reserved 1114112K
  class space    used 726K, committed 768K, reserved 1048576K
}
Event: 1.543 GC heap before
{Heap before GC invocations=1 (full 0):
 garbage-first heap   total 327680K, used 20044K [0x00000006c2c00000, 0x0000000800000000)
  region size 4096K, 4 young (16384K), 1 survivors (4096K)
 Metaspace       used 8920K, committed 9088K, reserved 1114112K
  class space    used 1145K, committed 1216K, reserved 1048576K
}
Event: 1.547 GC heap after
{Heap after GC invocations=2 (full 0):
 garbage-first heap   total 327680K, used 9118K [0x00000006c2c00000, 0x0000000800000000)
  region size 4096K, 1 young (4096K), 1 survivors (4096K)
 Metaspace       used 8920K, committed 9088K, reserved 1114112K
  class space    used 1145K, committed 1216K, reserved 1048576K
}
Event: 2.879 GC heap before
{Heap before GC invocations=2 (full 0):
 garbage-first heap   total 327680K, used 50078K [0x00000006c2c00000, 0x0000000800000000)
  region size 4096K, 12 young (49152K), 1 survivors (4096K)
 Metaspace       used 17188K, committed 17536K, reserved 1114112K
  class space    used 2233K, committed 2432K, reserved 1048576K
}
Event: 2.884 GC heap after
{Heap after GC invocations=3 (full 0):
 garbage-first heap   total 327680K, used 12169K [0x00000006c2c00000, 0x0000000800000000)
  region size 4096K, 2 young (8192K), 2 survivors (8192K)
 Metaspace       used 17188K, committed 17536K, reserved 1114112K
  class space    used 2233K, committed 2432K, reserved 1048576K
}
Event: 4.140 GC heap before
{Heap before GC invocations=3 (full 0):
 garbage-first heap   total 327680K, used 69513K [0x00000006c2c00000, 0x0000000800000000)
  region size 4096K, 17 young (69632K), 2 survivors (8192K)
 Metaspace       used 21104K, committed 21504K, reserved 1114112K
  class space    used 2856K, committed 3072K, reserved 1048576K
}
Event: 4.150 GC heap after
{Heap after GC invocations=4 (full 0):
 garbage-first heap   total 327680K, used 15498K [0x00000006c2c00000, 0x0000000800000000)
  region size 4096K, 2 young (8192K), 2 survivors (8192K)
 Metaspace       used 21104K, committed 21504K, reserved 1114112K
  class space    used 2856K, committed 3072K, reserved 1048576K
}
Event: 5.407 GC heap before
{Heap before GC invocations=5 (full 0):
 garbage-first heap   total 69632K, used 48266K [0x00000006c2c00000, 0x0000000800000000)
  region size 4096K, 11 young (45056K), 2 survivors (8192K)
 Metaspace       used 25738K, committed 26176K, reserved 1114112K
  class space    used 3513K, committed 3712K, reserved 1048576K
}
Event: 5.421 GC heap after
{Heap after GC invocations=6 (full 0):
 garbage-first heap   total 69632K, used 17988K [0x00000006c2c00000, 0x0000000800000000)
  region size 4096K, 3 young (12288K), 3 survivors (12288K)
 Metaspace       used 25738K, committed 26176K, reserved 1114112K
  class space    used 3513K, committed 3712K, reserved 1048576K
}
Event: 5.773 GC heap before
{Heap before GC invocations=6 (full 0):
 garbage-first heap   total 69632K, used 42564K [0x00000006c2c00000, 0x0000000800000000)
  region size 4096K, 9 young (36864K), 3 survivors (12288K)
 Metaspace       used 26200K, committed 26688K, reserved 1114112K
  class space    used 3596K, committed 3840K, reserved 1048576K
}
Event: 5.789 GC heap after
{Heap after GC invocations=7 (full 0):
 garbage-first heap   total 69632K, used 19635K [0x00000006c2c00000, 0x0000000800000000)
  region size 4096K, 2 young (8192K), 2 survivors (8192K)
 Metaspace       used 26200K, committed 26688K, reserved 1114112K
  class space    used 3596K, committed 3840K, reserved 1048576K
}
Event: 6.400 GC heap before
{Heap before GC invocations=7 (full 0):
 garbage-first heap   total 69632K, used 44211K [0x00000006c2c00000, 0x0000000800000000)
  region size 4096K, 8 young (32768K), 2 survivors (8192K)
 Metaspace       used 29969K, committed 30400K, reserved 1114112K
  class space    used 4148K, committed 4352K, reserved 1048576K
}
Event: 6.413 GC heap after
{Heap after GC invocations=8 (full 0):
 garbage-first heap   total 69632K, used 21221K [0x00000006c2c00000, 0x0000000800000000)
  region size 4096K, 1 young (4096K), 1 survivors (4096K)
 Metaspace       used 29969K, committed 30400K, reserved 1114112K
  class space    used 4148K, committed 4352K, reserved 1048576K
}
Event: 7.017 GC heap before
{Heap before GC invocations=8 (full 0):
 garbage-first heap   total 69632K, used 45797K [0x00000006c2c00000, 0x0000000800000000)
  region size 4096K, 7 young (28672K), 1 survivors (4096K)
 Metaspace       used 32594K, committed 33024K, reserved 1114112K
  class space    used 4546K, committed 4736K, reserved 1048576K
}

Dll operation events (13 events):
Event: 0.025 Loaded shared library D:\Program Files\Eclipse Adoptium\jdk-17.0.14.7-hotspot\bin\java.dll
Event: 0.051 Loaded shared library D:\Program Files\Eclipse Adoptium\jdk-17.0.14.7-hotspot\bin\jsvml.dll
Event: 0.315 Loaded shared library D:\Program Files\Eclipse Adoptium\jdk-17.0.14.7-hotspot\bin\zip.dll
Event: 0.321 Loaded shared library D:\Program Files\Eclipse Adoptium\jdk-17.0.14.7-hotspot\bin\instrument.dll
Event: 0.329 Loaded shared library D:\Program Files\Eclipse Adoptium\jdk-17.0.14.7-hotspot\bin\net.dll
Event: 0.332 Loaded shared library D:\Program Files\Eclipse Adoptium\jdk-17.0.14.7-hotspot\bin\nio.dll
Event: 0.336 Loaded shared library D:\Program Files\Eclipse Adoptium\jdk-17.0.14.7-hotspot\bin\zip.dll
Event: 0.545 Loaded shared library D:\Program Files\JetBrains\IntelliJ IDEA 2022.1.2\bin\breakgen64.dll
Event: 0.559 Loaded shared library D:\Program Files\Eclipse Adoptium\jdk-17.0.14.7-hotspot\bin\jimage.dll
Event: 0.581 Loaded shared library D:\Program Files\Eclipse Adoptium\jdk-17.0.14.7-hotspot\bin\extnet.dll
Event: 0.597 Loaded shared library D:\Program Files\Eclipse Adoptium\jdk-17.0.14.7-hotspot\bin\management.dll
Event: 0.616 Loaded shared library D:\Program Files\Eclipse Adoptium\jdk-17.0.14.7-hotspot\bin\management_ext.dll
Event: 5.153 Loaded shared library D:\Program Files\Eclipse Adoptium\jdk-17.0.14.7-hotspot\bin\sunmscapi.dll

Deoptimization events (0 events):
No events

Classes loaded (20 events):
Event: 6.858 Loading class jdk/internal/vm/annotation/ForceInline
Event: 6.858 Loading class jdk/internal/vm/annotation/ForceInline done
Event: 6.881 Loading class sun/util/resources/LocaleData$CommonResourceBundleProvider
Event: 6.881 Loading class sun/util/resources/LocaleData$LocaleDataResourceBundleProvider
Event: 6.881 Loading class java/util/spi/ResourceBundleProvider
Event: 6.881 Loading class java/util/spi/ResourceBundleProvider done
Event: 6.881 Loading class sun/util/resources/LocaleData$LocaleDataResourceBundleProvider done
Event: 6.881 Loading class sun/util/resources/LocaleData$CommonResourceBundleProvider done
Event: 6.882 Loading class sun/util/resources/Bundles$2
Event: 6.882 Loading class sun/util/resources/Bundles$2 done
Event: 6.884 Loading class java/text/ParsePosition
Event: 6.884 Loading class java/text/ParsePosition done
Event: 6.884 Loading class java/text/CalendarBuilder
Event: 6.885 Loading class java/text/CalendarBuilder done
Event: 6.895 Loading class java/time/DayOfWeek
Event: 6.896 Loading class java/time/DayOfWeek done
Event: 6.896 Loading class java/time/zone/ZoneOffsetTransitionRule$TimeDefinition
Event: 6.896 Loading class java/time/zone/ZoneOffsetTransitionRule$TimeDefinition done
Event: 6.928 Loading class sun/util/resources/ParallelListResourceBundle
Event: 6.928 Loading class sun/util/resources/ParallelListResourceBundle done

Classes unloaded (0 events):
No events

Classes redefined (0 events):
No events

Internal exceptions (20 events):
Event: 5.004 Thread 0x0000018754a474c0 Exception <a 'java/lang/NoSuchMethodError'{0x00000006c52a4ae8}: 'java.lang.Object java.lang.invoke.DirectMethodHandle$Holder.invokeSpecial(java.lang.Object, java.lang.Object, long, java.lang.Object, java.lang.Object, java.lang.Object, java.lang.Object, java.lang.Object, java.lang.Object)'> (0x00000006c52a4ae8) 
thrown [s\src\hotspot\share\interpreter\linkResolver.cpp, line 759]
Event: 5.005 Thread 0x0000018754a474c0 Exception <a 'java/lang/NoSuchMethodError'{0x00000006c52a9610}: 'java.lang.Object java.lang.invoke.DelegatingMethodHandle$Holder.reinvoke_L(java.lang.Object, long, java.lang.Object, java.lang.Object, java.lang.Object, java.lang.Object, java.lang.Object, java.lang.Object)'> (0x00000006c52a9610) 
thrown [s\src\hotspot\share\interpreter\linkResolver.cpp, line 759]
Event: 5.006 Thread 0x0000018754a474c0 Exception <a 'java/lang/NoSuchMethodError'{0x00000006c52b6010}: 'java.lang.Object java.lang.invoke.Invokers$Holder.linkToTargetMethod(java.lang.Object, java.lang.Object, java.lang.Object, java.lang.Object, java.lang.Object, java.lang.Object, java.lang.Object)'> (0x00000006c52b6010) 
thrown [s\src\hotspot\share\interpreter\linkResolver.cpp, line 759]
Event: 5.146 Thread 0x00000187757e7140 Exception <a 'java/lang/reflect/InvocationTargetException'{0x00000006c5ce4880}> (0x00000006c5ce4880) 
thrown [s\src\hotspot\share\runtime\reflection.cpp, line 1128]
Event: 5.185 Thread 0x0000018754a474c0 Exception <a 'java/io/FileNotFoundException'{0x00000006c4db6d70}> (0x00000006c4db6d70) 
thrown [s\src\hotspot\share\prims\jni.cpp, line 516]
Event: 5.233 Thread 0x0000018754a474c0 Exception <a 'java/lang/NoSuchMethodError'{0x00000006c49ba7f8}: 'int java.lang.invoke.DirectMethodHandle$Holder.invokeInterface(java.lang.Object, java.lang.Object, java.lang.Object, java.lang.Object)'> (0x00000006c49ba7f8) 
thrown [s\src\hotspot\share\interpreter\linkResolver.cpp, line 759]
Event: 5.282 Thread 0x0000018754a474c0 Exception <a 'java/lang/NoSuchMethodError'{0x00000006c4bb9378}: 'java.lang.Object java.lang.invoke.DirectMethodHandle$Holder.invokeStaticInit(java.lang.Object, java.lang.Object, java.lang.Object, java.lang.Object)'> (0x00000006c4bb9378) 
thrown [s\src\hotspot\share\interpreter\linkResolver.cpp, line 759]
Event: 5.284 Thread 0x0000018754a474c0 Exception <a 'java/lang/IncompatibleClassChangeError'{0x00000006c4bcf6e0}: Found class java.lang.Object, but interface was expected> (0x00000006c4bcf6e0) 
thrown [s\src\hotspot\share\interpreter\linkResolver.cpp, line 826]
Event: 5.285 Thread 0x0000018754a474c0 Exception <a 'java/lang/IncompatibleClassChangeError'{0x00000006c4bddb30}: Found class java.lang.Object, but interface was expected> (0x00000006c4bddb30) 
thrown [s\src\hotspot\share\interpreter\linkResolver.cpp, line 826]
Event: 5.289 Thread 0x0000018754a474c0 Exception <a 'java/lang/IncompatibleClassChangeError'{0x00000006c440f088}: Found class java.lang.Object, but interface was expected> (0x00000006c440f088) 
thrown [s\src\hotspot\share\interpreter\linkResolver.cpp, line 826]
Event: 5.513 Thread 0x0000018754a474c0 Exception <a 'java/lang/NoSuchMethodError'{0x00000006d6933fd8}: 'java.lang.Object java.lang.invoke.DirectMethodHandle$Holder.invokeStatic(java.lang.Object, java.lang.Object, int, java.lang.Object)'> (0x00000006d6933fd8) 
thrown [s\src\hotspot\share\interpreter\linkResolver.cpp, line 759]
Event: 5.513 Thread 0x0000018754a474c0 Exception <a 'java/lang/NoSuchMethodError'{0x00000006d693b050}: 'java.lang.Object java.lang.invoke.DirectMethodHandle$Holder.newInvokeSpecial(java.lang.Object, java.lang.Object, int)'> (0x00000006d693b050) 
thrown [s\src\hotspot\share\interpreter\linkResolver.cpp, line 759]
Event: 5.666 Thread 0x00000187757e7140 Exception <a 'java/lang/reflect/InvocationTargetException'{0x00000006c6086850}> (0x00000006c6086850) 
thrown [s\src\hotspot\share\runtime\reflection.cpp, line 1128]
Event: 5.806 Thread 0x0000018754a474c0 Exception <a 'java/lang/NoSuchMethodError'{0x00000006d695d140}: 'java.lang.Object java.lang.invoke.DirectMethodHandle$Holder.newInvokeSpecial(java.lang.Object, java.lang.Object, java.lang.Object, int, java.lang.Object, java.lang.Object)'> (0x00000006d695d140) 
thrown [s\src\hotspot\share\interpreter\linkResolver.cpp, line 759]
Event: 6.009 Thread 0x0000018754a474c0 Exception <a 'java/lang/NoSuchMethodError'{0x00000006d2069358}: 'long java.lang.invoke.DirectMethodHandle$Holder.invokeVirtual(java.lang.Object, java.lang.Object)'> (0x00000006d2069358) 
thrown [s\src\hotspot\share\interpreter\linkResolver.cpp, line 759]
Event: 6.185 Thread 0x00000187757e7140 Exception <a 'java/lang/reflect/InvocationTargetException'{0x00000006c62f6ee8}> (0x00000006c62f6ee8) 
thrown [s\src\hotspot\share\runtime\reflection.cpp, line 1128]
Event: 6.393 Thread 0x0000018754a474c0 Exception <a 'java/lang/NullPointerException'{0x00000006c5b8f7d8}> (0x00000006c5b8f7d8) 
thrown [s\src\hotspot\share\interpreter\linkResolver.cpp, line 1433]
Event: 6.703 Thread 0x00000187757e7140 Exception <a 'java/lang/reflect/InvocationTargetException'{0x00000006d23325d0}> (0x00000006d23325d0) 
thrown [s\src\hotspot\share\runtime\reflection.cpp, line 1128]
Event: 6.722 Thread 0x0000018754a474c0 Exception <a 'java/lang/NoSuchMethodError'{0x00000006d2348e88}: 'int java.lang.invoke.DirectMethodHandle$Holder.invokeStatic(java.lang.Object, java.lang.Object, java.lang.Object, java.lang.Object, java.lang.Object)'> (0x00000006d2348e88) 
thrown [s\src\hotspot\share\interpreter\linkResolver.cpp, line 759]
Event: 6.816 Thread 0x0000018754a474c0 Exception <a 'java/lang/NoSuchMethodError'{0x00000006c6191ef8}: 'void java.lang.invoke.DirectMethodHandle$Holder.invokeInterface(java.lang.Object, java.lang.Object)'> (0x00000006c6191ef8) 
thrown [s\src\hotspot\share\interpreter\linkResolver.cpp, line 759]

VM Operations (20 events):
Event: 5.177 Executing VM operation: HandshakeAllThreads done
Event: 5.177 Executing VM operation: Cleanup
Event: 5.177 Executing VM operation: Cleanup done
Event: 5.388 Executing VM operation: HandshakeAllThreads
Event: 5.388 Executing VM operation: HandshakeAllThreads done
Event: 5.407 Executing VM operation: G1CollectForAllocation
Event: 5.421 Executing VM operation: G1CollectForAllocation done
Event: 5.577 Executing VM operation: HandshakeAllThreads
Event: 5.577 Executing VM operation: HandshakeAllThreads done
Event: 5.773 Executing VM operation: G1CollectForAllocation
Event: 5.789 Executing VM operation: G1CollectForAllocation done
Event: 5.971 Executing VM operation: HandshakeAllThreads
Event: 5.971 Executing VM operation: HandshakeAllThreads done
Event: 5.972 Executing VM operation: HandshakeAllThreads
Event: 5.972 Executing VM operation: HandshakeAllThreads done
Event: 6.018 Executing VM operation: HandshakeAllThreads
Event: 6.018 Executing VM operation: HandshakeAllThreads done
Event: 6.400 Executing VM operation: G1CollectForAllocation
Event: 6.413 Executing VM operation: G1CollectForAllocation done
Event: 7.015 Executing VM operation: G1CollectForAllocation

Memory protections (0 events):
No events

Nmethod flushes (0 events):
No events

Events (20 events):
Event: 2.775 Thread 0x00000187751574a0 Thread exited: 0x00000187751574a0
Event: 2.828 Thread 0x0000018754a474c0 Thread added: 0x00000187752fd460
Event: 2.866 Thread 0x0000018774aec4e0 Thread added: 0x00000187753c5280
Event: 2.872 Thread 0x00000187753c5280 Thread exited: 0x00000187753c5280
Event: 2.873 Thread 0x00000187752fd460 Thread exited: 0x00000187752fd460
Event: 3.377 Thread 0x0000018774aec4e0 Thread added: 0x0000018775663020
Event: 3.382 Thread 0x0000018775663020 Thread exited: 0x0000018775663020
Event: 3.892 Thread 0x0000018774aec4e0 Thread added: 0x0000018775767860
Event: 3.906 Thread 0x0000018775767860 Thread exited: 0x0000018775767860
Event: 4.524 Thread 0x000001877478c6d0 Thread added: 0x00000187757e7140
Event: 4.536 Thread 0x00000187757e7140 Thread added: 0x0000018775735040
Event: 4.561 Thread 0x0000018775735040 Thread exited: 0x0000018775735040
Event: 5.142 Thread 0x00000187757e7140 Thread added: 0x0000018775959ec0
Event: 5.148 Thread 0x0000018775959ec0 Thread exited: 0x0000018775959ec0
Event: 5.662 Thread 0x00000187757e7140 Thread added: 0x000001877593fa80
Event: 5.668 Thread 0x000001877593fa80 Thread exited: 0x000001877593fa80
Event: 6.176 Thread 0x00000187757e7140 Thread added: 0x0000018775942300
Event: 6.190 Thread 0x0000018775942300 Thread exited: 0x0000018775942300
Event: 6.699 Thread 0x00000187757e7140 Thread added: 0x0000018774995a50
Event: 6.706 Thread 0x0000018774995a50 Thread exited: 0x0000018774995a50


Dynamic libraries:
0x00007ff70a5b0000 - 0x00007ff70a5be000 	D:\Program Files\Eclipse Adoptium\jdk-17.0.14.7-hotspot\bin\java.exe
0x00007ffa0e5f0000 - 0x00007ffa0e807000 	C:\WINDOWS\SYSTEM32\ntdll.dll
0x00007ffa0d0f0000 - 0x00007ffa0d1b4000 	C:\WINDOWS\System32\KERNEL32.DLL
0x00007ffa0b920000 - 0x00007ffa0bcf3000 	C:\WINDOWS\System32\KERNELBASE.dll
0x00007ffa0bf40000 - 0x00007ffa0c051000 	C:\WINDOWS\System32\ucrtbase.dll
0x00007ff9f5a90000 - 0x00007ff9f5aae000 	D:\Program Files\Eclipse Adoptium\jdk-17.0.14.7-hotspot\bin\VCRUNTIME140.dll
0x00007ffa03060000 - 0x00007ffa03077000 	D:\Program Files\Eclipse Adoptium\jdk-17.0.14.7-hotspot\bin\jli.dll
0x00007ffa0caf0000 - 0x00007ffa0cca1000 	C:\WINDOWS\System32\USER32.dll
0x00007ffa0b700000 - 0x00007ffa0b726000 	C:\WINDOWS\System32\win32u.dll
0x00007ffa0cd60000 - 0x00007ffa0cd89000 	C:\WINDOWS\System32\GDI32.dll
0x00007ffa0bd00000 - 0x00007ffa0be1b000 	C:\WINDOWS\System32\gdi32full.dll
0x00007ffa0bea0000 - 0x00007ffa0bf3a000 	C:\WINDOWS\System32\msvcp_win.dll
0x00007ff9f93b0000 - 0x00007ff9f9648000 	C:\WINDOWS\WinSxS\amd64_microsoft.windows.common-controls_6595b64144ccf1df_6.0.22621.5124_none_270e8f4f7386d69d\COMCTL32.dll
0x00007ffa0ccb0000 - 0x00007ffa0cd57000 	C:\WINDOWS\System32\msvcrt.dll
0x00007ffa0d430000 - 0x00007ffa0d461000 	C:\WINDOWS\System32\IMM32.DLL
0x00007ff9f4180000 - 0x00007ff9f418c000 	D:\Program Files\Eclipse Adoptium\jdk-17.0.14.7-hotspot\bin\vcruntime140_1.dll
0x00007ff9ef390000 - 0x00007ff9ef41d000 	D:\Program Files\Eclipse Adoptium\jdk-17.0.14.7-hotspot\bin\msvcp140.dll
0x00007ff94e880000 - 0x00007ff94f4eb000 	D:\Program Files\Eclipse Adoptium\jdk-17.0.14.7-hotspot\bin\server\jvm.dll
0x00007ffa0c820000 - 0x00007ffa0c8d1000 	C:\WINDOWS\System32\ADVAPI32.dll
0x00007ffa0c8f0000 - 0x00007ffa0c998000 	C:\WINDOWS\System32\sechost.dll
0x00007ffa0b8f0000 - 0x00007ffa0b918000 	C:\WINDOWS\System32\bcrypt.dll
0x00007ffa0d250000 - 0x00007ffa0d364000 	C:\WINDOWS\System32\RPCRT4.dll
0x00007ffa0d3b0000 - 0x00007ffa0d421000 	C:\WINDOWS\System32\WS2_32.dll
0x00007ffa0af30000 - 0x00007ffa0af7d000 	C:\WINDOWS\SYSTEM32\POWRPROF.dll
0x00007ffa04cb0000 - 0x00007ffa04cba000 	C:\WINDOWS\SYSTEM32\VERSION.dll
0x00007ffa04780000 - 0x00007ffa047b4000 	C:\WINDOWS\SYSTEM32\WINMM.dll
0x00007ffa0af10000 - 0x00007ffa0af23000 	C:\WINDOWS\SYSTEM32\UMPDC.dll
0x00007ffa0a6f0000 - 0x00007ffa0a708000 	C:\WINDOWS\SYSTEM32\kernel.appcore.dll
0x00007ff9f2580000 - 0x00007ff9f258a000 	D:\Program Files\Eclipse Adoptium\jdk-17.0.14.7-hotspot\bin\jimage.dll
0x00007ffa08e50000 - 0x00007ffa09082000 	C:\WINDOWS\SYSTEM32\DBGHELP.DLL
0x00007ffa0d470000 - 0x00007ffa0d802000 	C:\WINDOWS\System32\combase.dll
0x00007ffa0d810000 - 0x00007ffa0d8e7000 	C:\WINDOWS\System32\OLEAUT32.dll
0x00007ff9ef350000 - 0x00007ff9ef382000 	C:\WINDOWS\SYSTEM32\dbgcore.DLL
0x00007ffa0b870000 - 0x00007ffa0b8eb000 	C:\WINDOWS\System32\bcryptPrimitives.dll
0x00007ff9efab0000 - 0x00007ff9efabe000 	D:\Program Files\Eclipse Adoptium\jdk-17.0.14.7-hotspot\bin\instrument.dll
0x00007ff9d7910000 - 0x00007ff9d7935000 	D:\Program Files\Eclipse Adoptium\jdk-17.0.14.7-hotspot\bin\java.dll
0x00007ff98a440000 - 0x00007ff98a517000 	D:\Program Files\Eclipse Adoptium\jdk-17.0.14.7-hotspot\bin\jsvml.dll
0x00007ffa0dd10000 - 0x00007ffa0e5a6000 	C:\WINDOWS\System32\SHELL32.dll
0x00007ffa0b730000 - 0x00007ffa0b86f000 	C:\WINDOWS\System32\wintypes.dll
0x00007ffa095d0000 - 0x00007ffa09eea000 	C:\WINDOWS\SYSTEM32\windows.storage.dll
0x00007ffa0cdb0000 - 0x00007ffa0ceba000 	C:\WINDOWS\System32\SHCORE.dll
0x00007ffa0ca00000 - 0x00007ffa0ca63000 	C:\WINDOWS\System32\shlwapi.dll
0x00007ffa0b630000 - 0x00007ffa0b65b000 	C:\WINDOWS\SYSTEM32\profapi.dll
0x00007ff9cd790000 - 0x00007ff9cd7a8000 	D:\Program Files\Eclipse Adoptium\jdk-17.0.14.7-hotspot\bin\zip.dll
0x00007ff9d71a0000 - 0x00007ff9d71b9000 	D:\Program Files\Eclipse Adoptium\jdk-17.0.14.7-hotspot\bin\net.dll
0x00007ffa05aa0000 - 0x00007ffa05bcc000 	C:\WINDOWS\SYSTEM32\WINHTTP.dll
0x00007ffa0ab60000 - 0x00007ffa0abca000 	C:\WINDOWS\system32\mswsock.dll
0x00007ff9cd7b0000 - 0x00007ff9cd7c6000 	D:\Program Files\Eclipse Adoptium\jdk-17.0.14.7-hotspot\bin\nio.dll
0x00007ff9cbcf0000 - 0x00007ff9cbd0a000 	D:\Program Files\JetBrains\IntelliJ IDEA 2022.1.2\bin\breakgen64.dll
0x00007ffa0a1c0000 - 0x00007ffa0a2c2000 	C:\WINDOWS\SYSTEM32\DNSAPI.dll
0x00007ffa0a150000 - 0x00007ffa0a17d000 	C:\WINDOWS\SYSTEM32\IPHLPAPI.DLL
0x00007ffa0d3a0000 - 0x00007ffa0d3a9000 	C:\WINDOWS\System32\NSI.dll
0x0000000060bd0000 - 0x0000000060bf6000 	C:\Program Files\Bonjour\mdnsNSP.dll
0x00007ff9d1650000 - 0x00007ff9d1659000 	D:\Program Files\Eclipse Adoptium\jdk-17.0.14.7-hotspot\bin\extnet.dll
0x00007ffa031e0000 - 0x00007ffa031ea000 	C:\Windows\System32\rasadhlp.dll
0x00007ffa02a50000 - 0x00007ffa02ad3000 	C:\WINDOWS\System32\fwpuclnt.dll
0x00007ff9e25c0000 - 0x00007ff9e25ca000 	D:\Program Files\Eclipse Adoptium\jdk-17.0.14.7-hotspot\bin\management.dll
0x00007ff9dd710000 - 0x00007ff9dd71b000 	D:\Program Files\Eclipse Adoptium\jdk-17.0.14.7-hotspot\bin\management_ext.dll
0x00007ffa0d390000 - 0x00007ffa0d398000 	C:\WINDOWS\System32\PSAPI.DLL
0x00007ffa0afa0000 - 0x00007ffa0afbb000 	C:\WINDOWS\SYSTEM32\CRYPTSP.dll
0x00007ffa0a650000 - 0x00007ffa0a687000 	C:\WINDOWS\system32\rsaenh.dll
0x00007ffa0ac00000 - 0x00007ffa0ac28000 	C:\WINDOWS\SYSTEM32\USERENV.dll
0x00007ffa0af80000 - 0x00007ffa0af8c000 	C:\WINDOWS\SYSTEM32\CRYPTBASE.dll
0x00007ffa04cc0000 - 0x00007ffa04cd9000 	C:\WINDOWS\SYSTEM32\dhcpcsvc6.DLL
0x00007ffa048b0000 - 0x00007ffa048cf000 	C:\WINDOWS\SYSTEM32\dhcpcsvc.DLL
0x00007ff9e7c20000 - 0x00007ff9e7c37000 	C:\WINDOWS\system32\napinsp.dll
0x00007ff9e7c00000 - 0x00007ff9e7c1b000 	C:\WINDOWS\system32\pnrpnsp.dll
0x00007ff9e7b40000 - 0x00007ff9e7b51000 	C:\WINDOWS\System32\winrnr.dll
0x00007ffa02e30000 - 0x00007ffa02e45000 	C:\WINDOWS\system32\wshbth.dll
0x00007ff9e6ab0000 - 0x00007ff9e6ad7000 	C:\WINDOWS\system32\nlansp_c.dll
0x00007ff9d79d0000 - 0x00007ff9d79de000 	D:\Program Files\Eclipse Adoptium\jdk-17.0.14.7-hotspot\bin\sunmscapi.dll
0x00007ffa0c060000 - 0x00007ffa0c1c7000 	C:\WINDOWS\System32\CRYPT32.dll
0x00007ffa0b090000 - 0x00007ffa0b0bd000 	C:\WINDOWS\SYSTEM32\ncrypt.dll
0x00007ffa0b050000 - 0x00007ffa0b087000 	C:\WINDOWS\SYSTEM32\NTASN1.dll

dbghelp: loaded successfully - version: 4.0.5 - missing functions: none
symbol engine: initialized successfully - sym options: 0x614 - pdb path: .;D:\Program Files\Eclipse Adoptium\jdk-17.0.14.7-hotspot\bin;C:\WINDOWS\SYSTEM32;C:\WINDOWS\WinSxS\amd64_microsoft.windows.common-controls_6595b64144ccf1df_6.0.22621.5124_none_270e8f4f7386d69d;D:\Program Files\Eclipse Adoptium\jdk-17.0.14.7-hotspot\bin\server;D:\Program Files\JetBrains\IntelliJ IDEA 2022.1.2\bin;C:\Program Files\Bonjour

VM Arguments:
jvm_args: -XX:TieredStopAtLevel=1 -Xverify:none -Dspring.output.ansi.enabled=always -Dcom.sun.management.jmxremote -Dspring.jmx.enabled=true -Dspring.liveBeansView.mbeanDomain -Dspring.application.admin.enabled=true -javaagent:D:\Program Files\JetBrains\IntelliJ IDEA 2022.1.2\lib\idea_rt.jar=57115:D:\Program Files\JetBrains\IntelliJ IDEA 2022.1.2\bin -Dfile.encoding=UTF-8 
java_command: com.medical.eureka.EurekaServerApplication
java_class_path (initial): D:\capstone\medical-platform\medical-eureka-server\target\classes;D:\dev\apache-maven-3.6.1\mvn_repo\org\springframework\cloud\spring-cloud-starter-netflix-eureka-server\4.0.0\spring-cloud-starter-netflix-eureka-server-4.0.0.jar;D:\dev\apache-maven-3.6.1\mvn_repo\org\springframework\cloud\spring-cloud-starter\4.0.1\spring-cloud-starter-4.0.1.jar;D:\dev\apache-maven-3.6.1\mvn_repo\org\springframework\cloud\spring-cloud-context\4.0.1\spring-cloud-context-4.0.1.jar;D:\dev\apache-maven-3.6.1\mvn_repo\org\springframework\security\spring-security-crypto\6.0.1\spring-security-crypto-6.0.1.jar;D:\dev\apache-maven-3.6.1\mvn_repo\org\springframework\cloud\spring-cloud-commons\4.0.1\spring-cloud-commons-4.0.1.jar;D:\dev\apache-maven-3.6.1\mvn_repo\org\springframework\security\spring-security-rsa\1.0.11.RELEASE\spring-security-rsa-1.0.11.RELEASE.jar;D:\dev\apache-maven-3.6.1\mvn_repo\org\bouncycastle\bcpkix-jdk15on\1.69\bcpkix-jdk15on-1.69.jar;D:\dev\apache-maven-3.6.1\mvn_repo\org\bouncycastle\bcprov-jdk15on\1.69\bcprov-jdk15on-1.69.jar;D:\dev\apache-maven-3.6.1\mvn_repo\org\bouncycastle\bcutil-jdk15on\1.69\bcutil-jdk15on-1.69.jar;D:\dev\apache-maven-3.6.1\mvn_repo\org\springframework\cloud\spring-cloud-netflix-eureka-server\4.0.0\spring-cloud-netflix-eureka-server-4.0.0.jar;D:\dev\apache-maven-3.6.1\mvn_repo\org\springframework\boot\spring-boot-starter-web\3.0.2\spring-boot-starter-web-3.0.2.jar;D:\dev\apache-maven-3.6.1\mvn_repo\org\springframework\boot\spring-boot-starter-json\3.0.2\spring-boot-starter-json-3.0.2.jar;D:\dev\apache-maven-3.6.1\mvn_repo\com\fasterxml\jackson\datatype\jackson-datatype-jdk8\2.14.1\jackson-datatype-jdk8-2.14.1.jar;D:\dev\apache-maven-3.6.1\mvn_repo\com\fasterxml\jackson\module\jackson-module-parameter-names\2.14.1\jackson-module-parameter-names-2.14.1.jar;D:\dev\apache-maven-3.6.1\mvn_repo\org\springframework\boot\spring-boot-starter-tomcat\3.0.2\spring-boot-starter-tomcat-3.0.2.jar;D:\dev\apache-maven-3.6.1\mvn_repo
Launcher Type: SUN_STANDARD

[Global flags]
     intx CICompilerCount                          = 4                                         {product} {ergonomic}
     uint ConcGCThreads                            = 2                                         {product} {ergonomic}
     uint G1ConcRefinementThreads                  = 8                                         {product} {ergonomic}
   size_t G1HeapRegionSize                         = 4194304                                   {product} {ergonomic}
    uintx GCDrainStackTargetSize                   = 64                                        {product} {ergonomic}
   size_t InitialHeapSize                          = 335544320                                 {product} {ergonomic}
     bool ManagementServer                         = true                                      {product} {command line}
   size_t MarkStackSize                            = 4194304                                   {product} {ergonomic}
   size_t MaxHeapSize                              = 5322571776                                {product} {ergonomic}
   size_t MaxNewSize                               = 3191865344                                {product} {ergonomic}
   size_t MinHeapDeltaBytes                        = 4194304                                   {product} {ergonomic}
   size_t MinHeapSize                              = 8388608                                   {product} {ergonomic}
    uintx NonProfiledCodeHeapSize                  = 0                                      {pd product} {ergonomic}
     bool ProfileInterpreter                       = false                                  {pd product} {command line}
    uintx ProfiledCodeHeapSize                     = 0                                      {pd product} {ergonomic}
   size_t SoftMaxHeapSize                          = 5322571776                             {manageable} {ergonomic}
     intx TieredStopAtLevel                        = 1                                         {product} {command line}
     bool UseCompressedClassPointers               = true                           {product lp64_product} {ergonomic}
     bool UseCompressedOops                        = true                           {product lp64_product} {ergonomic}
     bool UseG1GC                                  = true                                      {product} {ergonomic}
     bool UseLargePagesIndividualAllocation        = false                                  {pd product} {ergonomic}

Logging:
Log output configuration:
 #0: stdout all=warning uptime,level,tags
 #1: stderr all=off uptime,level,tags

Environment Variables:
JAVA_HOME=D:\dev\jdk1.8.0_191
PATH=D:\Program Files\Eclipse Adoptium\jdk-17.0.14.7-hotspot\bin;d:\ProgramData\Anaconda3;d:\ProgramData\Anaconda3\Library\mingw-w64\bin;d:\ProgramData\Anaconda3\Library\usr\bin;d:\ProgramData\Anaconda3\Library\bin;d:\ProgramData\Anaconda3\Scripts;C:\Windows\system32;C:\Windows;C:\Windows\System32\Wbem;C:\Windows\System32\WindowsPowerShell\v1.0\;C:\Windows\System32\OpenSSH\;C:\Program Files (x86)\NVIDIA Corporation\PhysX\Common;C:\Program Files\NVIDIA Corporation\NVIDIA NvDLISR;C:\Program Files\Microsoft\Web Platform Installer\;C:\Program Files (x86)\Microsoft ASP.NET\ASP.NET Web Pages\v1.0\;C:\Program Files\dotnet\;C:\WINDOWS\system32;C:\WINDOWS;C:\WINDOWS\System32\Wbem;C:\WINDOWS\System32\WindowsPowerShell\v1.0\;C:\WINDOWS\System32\OpenSSH\;D:\Program Files\Java\jdk-14.0.2\bin;C:\mingw64\bin;C:\Program Files\Git\cmd;D:\Program Files\Tomcat\apache-tomcat-9.0.54\bin;D:\dev\mysql-8.0.31-winx64\bin;D:\dev\apache-maven-3.6.1\bin;D:\IDE\Node\;D:\dev\jdk1.8.0_191\bin;D:\dev\mysql-8.0.31-winx64;C:\Program Files (x86)\Pulse Secure\VC142.CRT\X64\;C:\Program Files (x86)\Pulse Secure\VC142.CRT\X86\;C:\Program Files (x86)\Common Files\Pulse Secure\TNC Client Plugin\;C:\Program Files\Docker\Docker\resources\bin;D:\dev\python\python3.10.4\Scripts\;D:\dev\python\python3.10.4\;D:\Users\1\AppData\Local\Programs\Python\Python38-32\Scripts\;D:\Users\1\AppData\Local\Programs\Python\Python38-32\;C:\Users\1\AppData\Local\Microsoft\WindowsApps;C:\Program Files\Bandizip\;D:\Program Files\JetBrains\PyCharm Community Edition 2021.1.1\bin;;D:\texlive\2023\bin\windows;D:\Program Files\JetBrains\IntelliJ IDEA 2022.1.2\bin;C:\Users\1\AppData\Local\GitHubDesktop\bin;D:\Users\1\AppData\Local\Programs\Microsoft VS Code\bin;C:\Users\1\AppData\Roaming\npm;D:\Program Files\cpolar\;D:\Program Files\JetBrains\DataGrip 2024.1.4\bin;;C:\WINDOWS\System32\Wbem;D:\Users\1\AppData\Local\Programs\cursor\resources\app\bin
USERNAME=1
OS=Windows_NT
PROCESSOR_IDENTIFIER=Intel64 Family 6 Model 142 Stepping 12, GenuineIntel
TMP=C:\Users\1\AppData\Local\Temp
TEMP=C:\Users\1\AppData\Local\Temp



Periodic native trim disabled


---------------  S Y S T E M  ---------------

OS:
 Windows 11 , 64 bit Build 22621 (10.0.22621.5124)
OS uptime: 3 days 10:49 hours
Hyper-V role detected

CPU: total 8 (initial active 8) (4 cores per cpu, 2 threads per core) family 6 model 142 stepping 12 microcode 0xde, cx8, cmov, fxsr, ht, mmx, 3dnowpref, sse, sse2, sse3, ssse3, sse4.1, sse4.2, popcnt, lzcnt, tsc, tscinvbit, avx, avx2, aes, erms, clmul, bmi1, bmi2, adx, fma, vzeroupper, clflush, clflushopt, hv
Processor Information for all 8 processors :
  Max Mhz: 1800, Current Mhz: 1600, Mhz Limit: 1584

Memory: 4k page, system-wide physical 20293M (3257M free)
TotalPageFile size 33093M (AvailPageFile size 92M)
current process WorkingSet (physical memory assigned to process): 165M, peak: 165M
current process commit charge ("private bytes"): 207M, peak: 451M

vm_info: OpenJDK 64-Bit Server VM (17.0.14+7) for windows-amd64 JRE (17.0.14+7), built on Jan 21 2025 23:40:15 by "admin" with MS VC++ 17.7 (VS2022)

END.
